Compilación iniciada a las 27/11/2013 20:33:01.
     1>Proyecto "C:\Users\Isa\documents\visual studio 2010\Projects\Proyecto2\Proyecto2\Proyecto2.vcxproj" en el nodo 2 (build destinos).
     1>InitializeBuildStatus:
         Se creará "Debug\Proyecto2.unsuccessfulbuild" porque se especificó "AlwaysCreate".
       ClCompile:
         c:\Program Files (x86)\Microsoft Visual Studio 10.0\VC\bin\CL.exe /c /I"C:\dev\opengl\glew-1.7.0\include" /IC:\dev\opengl\freeglut\include /ZI /nologo /W3 /WX- /Od /Oy- /D WIN32 /D _DEBUG /D _CONSOLE /D _UNICODE /D UNICODE /Gm /EHsc /RTC1 /MDd /GS /fp:precise /Zc:wchar_t /Zc:forScope /Fo"Debug\\" /Fd"Debug\vc100.pdb" /Gd /TP /analyze- /errorReport:prompt main.cpp
         main.cpp
     1>c:\users\isa\documents\visual studio 2010\projects\proyecto2\proyecto2\main.cpp(19): warning C4305: 'inicializando' : truncamiento de 'double' a 'float'
     1>c:\users\isa\documents\visual studio 2010\projects\proyecto2\proyecto2\main.cpp(21): warning C4305: 'inicializando' : truncamiento de 'double' a 'float'
     1>c:\users\isa\documents\visual studio 2010\projects\proyecto2\proyecto2\main.cpp(22): warning C4305: 'inicializando' : truncamiento de 'double' a 'float'
     1>c:\users\isa\documents\visual studio 2010\projects\proyecto2\proyecto2\main.cpp(23): warning C4305: 'inicializando' : truncamiento de 'double' a 'float'
     1>c:\users\isa\documents\visual studio 2010\projects\proyecto2\proyecto2\main.cpp(44): warning C4305: 'argumento' : truncamiento de 'double' a 'GLfloat'
     1>c:\users\isa\documents\visual studio 2010\projects\proyecto2\proyecto2\main.cpp(44): warning C4244: 'argumento' : conversión de 'int' a 'GLfloat'; posible pérdida de datos
     1>c:\users\isa\documents\visual studio 2010\projects\proyecto2\proyecto2\main.cpp(45): warning C4305: 'argumento' : truncamiento de 'double' a 'GLfloat'
     1>c:\users\isa\documents\visual studio 2010\projects\proyecto2\proyecto2\main.cpp(45): warning C4244: 'argumento' : conversión de 'int' a 'GLfloat'; posible pérdida de datos
     1>c:\users\isa\documents\visual studio 2010\projects\proyecto2\proyecto2\main.cpp(47): warning C4244: 'argumento' : conversión de 'int' a 'GLfloat'; posible pérdida de datos
     1>c:\users\isa\documents\visual studio 2010\projects\proyecto2\proyecto2\main.cpp(47): warning C4305: 'argumento' : truncamiento de 'double' a 'GLfloat'
     1>c:\users\isa\documents\visual studio 2010\projects\proyecto2\proyecto2\main.cpp(48): warning C4244: 'argumento' : conversión de 'int' a 'GLfloat'; posible pérdida de datos
     1>c:\users\isa\documents\visual studio 2010\projects\proyecto2\proyecto2\main.cpp(48): warning C4305: 'argumento' : truncamiento de 'double' a 'GLfloat'
     1>c:\users\isa\documents\visual studio 2010\projects\proyecto2\proyecto2\main.cpp(50): warning C4305: 'argumento' : truncamiento de 'double' a 'GLfloat'
     1>c:\users\isa\documents\visual studio 2010\projects\proyecto2\proyecto2\main.cpp(50): warning C4244: 'argumento' : conversión de 'int' a 'GLfloat'; posible pérdida de datos
     1>c:\users\isa\documents\visual studio 2010\projects\proyecto2\proyecto2\main.cpp(51): warning C4305: 'argumento' : truncamiento de 'double' a 'GLfloat'
     1>c:\users\isa\documents\visual studio 2010\projects\proyecto2\proyecto2\main.cpp(51): warning C4244: 'argumento' : conversión de 'int' a 'GLfloat'; posible pérdida de datos
     1>c:\users\isa\documents\visual studio 2010\projects\proyecto2\proyecto2\main.cpp(53): warning C4244: 'argumento' : conversión de 'int' a 'GLfloat'; posible pérdida de datos
     1>c:\users\isa\documents\visual studio 2010\projects\proyecto2\proyecto2\main.cpp(53): warning C4305: 'argumento' : truncamiento de 'double' a 'GLfloat'
     1>c:\users\isa\documents\visual studio 2010\projects\proyecto2\proyecto2\main.cpp(54): warning C4244: 'argumento' : conversión de 'int' a 'GLfloat'; posible pérdida de datos
     1>c:\users\isa\documents\visual studio 2010\projects\proyecto2\proyecto2\main.cpp(54): warning C4305: 'argumento' : truncamiento de 'double' a 'GLfloat'
     1>c:\users\isa\documents\visual studio 2010\projects\proyecto2\proyecto2\main.cpp(76): warning C4305: 'argumento' : truncamiento de 'double' a 'GLfloat'
     1>c:\users\isa\documents\visual studio 2010\projects\proyecto2\proyecto2\main.cpp(77): warning C4305: 'argumento' : truncamiento de 'double' a 'GLfloat'
     1>c:\users\isa\documents\visual studio 2010\projects\proyecto2\proyecto2\main.cpp(80): warning C4305: 'argumento' : truncamiento de 'double' a 'GLfloat'
     1>c:\users\isa\documents\visual studio 2010\projects\proyecto2\proyecto2\main.cpp(82): warning C4305: 'argumento' : truncamiento de 'double' a 'GLfloat'
     1>c:\users\isa\documents\visual studio 2010\projects\proyecto2\proyecto2\main.cpp(85): warning C4305: 'argumento' : truncamiento de 'double' a 'GLfloat'
     1>c:\users\isa\documents\visual studio 2010\projects\proyecto2\proyecto2\main.cpp(86): warning C4305: 'argumento' : truncamiento de 'double' a 'GLfloat'
     1>c:\users\isa\documents\visual studio 2010\projects\proyecto2\proyecto2\main.cpp(89): warning C4305: 'argumento' : truncamiento de 'double' a 'GLfloat'
     1>c:\users\isa\documents\visual studio 2010\projects\proyecto2\proyecto2\main.cpp(91): warning C4305: 'argumento' : truncamiento de 'double' a 'GLfloat'
     1>c:\users\isa\documents\visual studio 2010\projects\proyecto2\proyecto2\main.cpp(93): warning C4305: 'argumento' : truncamiento de 'double' a 'GLfloat'
     1>c:\users\isa\documents\visual studio 2010\projects\proyecto2\proyecto2\main.cpp(94): warning C4305: 'argumento' : truncamiento de 'double' a 'GLfloat'
     1>c:\users\isa\documents\visual studio 2010\projects\proyecto2\proyecto2\main.cpp(95): warning C4305: 'argumento' : truncamiento de 'double' a 'GLfloat'
     1>c:\users\isa\documents\visual studio 2010\projects\proyecto2\proyecto2\main.cpp(95): warning C4305: 'argumento' : truncamiento de 'double' a 'GLfloat'
     1>c:\users\isa\documents\visual studio 2010\projects\proyecto2\proyecto2\main.cpp(96): warning C4305: 'argumento' : truncamiento de 'double' a 'GLfloat'
     1>c:\users\isa\documents\visual studio 2010\projects\proyecto2\proyecto2\main.cpp(96): warning C4305: 'argumento' : truncamiento de 'double' a 'GLfloat'
     1>c:\users\isa\documents\visual studio 2010\projects\proyecto2\proyecto2\main.cpp(102): warning C4244: '=' : conversión de 'double' a 'float'; posible pérdida de datos
     1>c:\users\isa\documents\visual studio 2010\projects\proyecto2\proyecto2\main.cpp(103): warning C4244: '=' : conversión de 'double' a 'float'; posible pérdida de datos
     1>c:\users\isa\documents\visual studio 2010\projects\proyecto2\proyecto2\main.cpp(105): warning C4244: 'argumento' : conversión de 'double' a 'GLfloat'; posible pérdida de datos
     1>c:\users\isa\documents\visual studio 2010\projects\proyecto2\proyecto2\main.cpp(106): warning C4244: 'argumento' : conversión de 'double' a 'GLfloat'; posible pérdida de datos
     1>c:\users\isa\documents\visual studio 2010\projects\proyecto2\proyecto2\main.cpp(107): warning C4244: 'argumento' : conversión de 'double' a 'GLfloat'; posible pérdida de datos
     1>c:\users\isa\documents\visual studio 2010\projects\proyecto2\proyecto2\main.cpp(107): warning C4244: 'argumento' : conversión de 'double' a 'GLfloat'; posible pérdida de datos
     1>c:\users\isa\documents\visual studio 2010\projects\proyecto2\proyecto2\main.cpp(109): warning C4244: 'argumento' : conversión de 'double' a 'GLfloat'; posible pérdida de datos
     1>c:\users\isa\documents\visual studio 2010\projects\proyecto2\proyecto2\main.cpp(110): warning C4244: 'argumento' : conversión de 'double' a 'GLfloat'; posible pérdida de datos
     1>c:\users\isa\documents\visual studio 2010\projects\proyecto2\proyecto2\main.cpp(111): warning C4244: 'argumento' : conversión de 'double' a 'GLfloat'; posible pérdida de datos
     1>c:\users\isa\documents\visual studio 2010\projects\proyecto2\proyecto2\main.cpp(111): warning C4244: 'argumento' : conversión de 'double' a 'GLfloat'; posible pérdida de datos
     1>c:\users\isa\documents\visual studio 2010\projects\proyecto2\proyecto2\main.cpp(120): warning C4305: 'argumento' : truncamiento de 'double' a 'GLfloat'
     1>c:\users\isa\documents\visual studio 2010\projects\proyecto2\proyecto2\main.cpp(121): warning C4305: 'argumento' : truncamiento de 'double' a 'GLfloat'
     1>c:\users\isa\documents\visual studio 2010\projects\proyecto2\proyecto2\main.cpp(123): warning C4305: 'argumento' : truncamiento de 'double' a 'GLfloat'
     1>c:\users\isa\documents\visual studio 2010\projects\proyecto2\proyecto2\main.cpp(125): warning C4305: 'argumento' : truncamiento de 'double' a 'GLfloat'
     1>c:\users\isa\documents\visual studio 2010\projects\proyecto2\proyecto2\main.cpp(129): warning C4305: 'inicializando' : truncamiento de 'double' a 'float'
     1>c:\users\isa\documents\visual studio 2010\projects\proyecto2\proyecto2\main.cpp(132): warning C4244: '=' : conversión de 'double' a 'float'; posible pérdida de datos
     1>c:\users\isa\documents\visual studio 2010\projects\proyecto2\proyecto2\main.cpp(168): warning C4305: '=' : truncamiento de 'double' a 'float'
     1>c:\users\isa\documents\visual studio 2010\projects\proyecto2\proyecto2\main.cpp(209): warning C4305: '=' : truncamiento de 'double' a 'float'
     1>c:\users\isa\documents\visual studio 2010\projects\proyecto2\proyecto2\main.cpp(210): warning C4305: '=' : truncamiento de 'double' a 'float'
     1>c:\users\isa\documents\visual studio 2010\projects\proyecto2\proyecto2\main.cpp(253): warning C4101: 'zLocal' : variable local sin referencia
     1>c:\users\isa\documents\visual studio 2010\projects\proyecto2\proyecto2\main.cpp(253): warning C4101: 'xExtent' : variable local sin referencia
     1>c:\users\isa\documents\visual studio 2010\projects\proyecto2\proyecto2\main.cpp(254): warning C4101: 'loopX' : variable local sin referencia
     1>c:\users\isa\documents\visual studio 2010\projects\proyecto2\proyecto2\main.cpp(253): warning C4101: 'xLocal' : variable local sin referencia
     1>c:\users\isa\documents\visual studio 2010\projects\proyecto2\proyecto2\main.cpp(254): warning C4101: 'loopZ' : variable local sin referencia
     1>c:\users\isa\documents\visual studio 2010\projects\proyecto2\proyecto2\main.cpp(253): warning C4101: 'zExtent' : variable local sin referencia
       ManifestResourceCompile:
         Todas las salidas están actualizadas.
       Link:
         c:\Program Files (x86)\Microsoft Visual Studio 10.0\VC\bin\link.exe /ERRORREPORT:PROMPT /OUT:"C:\Users\Isa\documents\visual studio 2010\Projects\Proyecto2\Debug\Proyecto2.exe" /INCREMENTAL /NOLOGO /LIBPATH:"C:\dev\opengl\glew-1.7.0\lib" /LIBPATH:C:\dev\opengl\freeglut\lib glew32.lib freeglut.lib kernel32.lib user32.lib gdi32.lib winspool.lib comdlg32.lib advapi32.lib shell32.lib ole32.lib oleaut32.lib uuid.lib odbc32.lib odbccp32.lib /MANIFEST /ManifestFile:"Debug\Proyecto2.exe.intermediate.manifest" /MANIFESTUAC:"level='asInvoker' uiAccess='false'" /DEBUG /PDB:"C:\Users\Isa\documents\visual studio 2010\Projects\Proyecto2\Debug\Proyecto2.pdb" /SUBSYSTEM:CONSOLE /TLBID:1 /DYNAMICBASE /NXCOMPAT /IMPLIB:"C:\Users\Isa\documents\visual studio 2010\Projects\Proyecto2\Debug\Proyecto2.lib" /MACHINE:X86 Debug\Proyecto2.exe.embed.manifest.res
         Debug\main.obj
       Manifest:
         C:\Program Files (x86)\Microsoft SDKs\Windows\v7.0A\bin\mt.exe /nologo /verbose /out:"Debug\Proyecto2.exe.embed.manifest" /manifest Debug\Proyecto2.exe.intermediate.manifest
         Todas las salidas están actualizadas.
       LinkEmbedManifest:
         Todas las salidas están actualizadas.
         Proyecto2.vcxproj -> C:\Users\Isa\documents\visual studio 2010\Projects\Proyecto2\Debug\Proyecto2.exe
       FinalizeBuildStatus:
         Se eliminará el archivo "Debug\Proyecto2.unsuccessfulbuild".
         Aplicando tarea Touch a "Debug\Proyecto2.lastbuildstate".
     1>Compilación del proyecto terminada "C:\Users\Isa\documents\visual studio 2010\Projects\Proyecto2\Proyecto2\Proyecto2.vcxproj" (build destinos).

Compilación correcta.

Tiempo transcurrido 00:00:11.58
